[2020-08-16 16:24:17,391] [22442] [INFO] main.send_video_link (main.py:101) send_video_link 接收到用户选择查看下载链接信息:电影:三方国界:37700
[2020-08-16 16:24:17,391] [22442] [INFO] main.send_video_link (main.py:101) send_video_link 接收到用户选择查看下载链接信息:电影:三方国界:37700
[2020-08-16 16:24:17,391] [22442] [INFO] main.send_video_link (main.py:101) send_video_link 接收到用户选择查看下载链接信息:电影:三方国界:37700
[2020-08-16 16:24:17,418] [22442] [INFO] yyetsBot.iter_video_link (yyetsBot.py:238) iter_tv_link 资源名称:三方国界.Triple.Frontier.2019.中英字幕.WEBrip.AAC.720P.V2.mp4,文件大小:1.76GB,下载类型:电驴,下载链接:ed2k://|file|%E4%B8%89%E6%96%B9%E5%9B%BD%E7%95%8C.Triple.Frontier.2019.%E4%B8%AD%E8%8B%B1%E5%AD%97%E5%B9%95.WEBrip.AAC.720P.V2.mp4|1885456107|c6cd3fb7083d9cbecd1afb2c1ed5323a|h=sh5q352q5nevtwvs23galhpawgew6xnu|/
[2020-08-16 16:24:17,418] [22442] [INFO] yyetsBot.iter_video_link (yyetsBot.py:238) iter_tv_link 资源名称:三方国界.Triple.Frontier.2019.中英字幕.WEBrip.AAC.720P.V2.mp4,文件大小:1.76GB,下载类型:电驴,下载链接:ed2k://|file|%E4%B8%89%E6%96%B9%E5%9B%BD%E7%95%8C.Triple.Frontier.2019.%E4%B8%AD%E8%8B%B1%E5%AD%97%E5%B9%95.WEBrip.AAC.720P.V2.mp4|1885456107|c6cd3fb7083d9cbecd1afb2c1ed5323a|h=sh5q352q5nevtwvs23galhpawgew6xnu|/
[2020-08-16 16:24:17,418] [22442] [INFO] yyetsBot.iter_video_link (yyetsBot.py:238) iter_tv_link 资源名称:三方国界.Triple.Frontier.2019.中英字幕.WEBrip.AAC.720P.V2.mp4,文件大小:1.76GB,下载类型:电驴,下载链接:ed2k://|file|%E4%B8%89%E6%96%B9%E5%9B%BD%E7%95%8C.Triple.Frontier.2019.%E4%B8%AD%E8%8B%B1%E5%AD%97%E5%B9%95.WEBrip.AAC.720P.V2.mp4|1885456107|c6cd3fb7083d9cbecd1afb2c1ed5323a|h=sh5q352q5nevtwvs23galhpawgew6xnu|/
[2020-08-16 16:24:17,419] [22442] [INFO] yyetsBot.iter_video_link (yyetsBot.py:230) iter_tv_link 资源名称:三方国界.Triple.Frontier.2019.中英字幕.WEBrip.AAC.720P.V2.mp4,文件大小:1.76GB,下载类型:磁力,下载链接:magnet:?xt=urn:btih:d26664381cf0e6f08665ec3ffbe7c8344d858d59&tr=udp://9.rarbg.to:2710/announce&tr=udp://9.rarbg.me:2710/announce&tr=http://tr.cili001.com:8070/announce&tr=http://tracker.trackerfix.com:80/announce&tr=udp://open.demonii.com:1337&tr=udp://tracker.opentrackr.org:1337/announce&tr=udp://p4p.arenabg.com:1337&tr=wss://tracker.openwebtorrent.com&tr=wss://tracker.btorrent.xyz&tr=wss://tracker.fastcast.nz
[2020-08-16 16:24:17,419] [22442] [INFO] yyetsBot.iter_video_link (yyetsBot.py:230) iter_tv_link 资源名称:三方国界.Triple.Frontier.2019.中英字幕.WEBrip.AAC.720P.V2.mp4,文件大小:1.76GB,下载类型:磁力,下载链接:magnet:?xt=urn:btih:d26664381cf0e6f08665ec3ffbe7c8344d858d59&tr=udp://9.rarbg.to:2710/announce&tr=udp://9.rarbg.me:2710/announce&tr=http://tr.cili001.com:8070/announce&tr=http://tracker.trackerfix.com:80/announce&tr=udp://open.demonii.com:1337&tr=udp://tracker.opentrackr.org:1337/announce&tr=udp://p4p.arenabg.com:1337&tr=wss://tracker.openwebtorrent.com&tr=wss://tracker.btorrent.xyz&tr=wss://tracker.fastcast.nz
[2020-08-16 16:24:17,419] [22442] [INFO] yyetsBot.iter_video_link (yyetsBot.py:230) iter_tv_link 资源名称:三方国界.Triple.Frontier.2019.中英字幕.WEBrip.AAC.720P.V2.mp4,文件大小:1.76GB,下载类型:磁力,下载链接:magnet:?xt=urn:btih:d26664381cf0e6f08665ec3ffbe7c8344d858d59&tr=udp://9.rarbg.to:2710/announce&tr=udp://9.rarbg.me:2710/announce&tr=http://tr.cili001.com:8070/announce&tr=http://tracker.trackerfix.com:80/announce&tr=udp://open.demonii.com:1337&tr=udp://tracker.opentrackr.org:1337/announce&tr=udp://p4p.arenabg.com:1337&tr=wss://tracker.openwebtorrent.com&tr=wss://tracker.btorrent.xyz&tr=wss://tracker.fastcast.nz
[2020-08-16 16:25:42,980] [23499] [INFO] main.send_video_link (main.py:101) send_video_link 接收到用户选择查看下载链接信息:电影:三方国界:37700
[2020-08-16 16:25:42,980] [23499] [INFO] main.send_video_link (main.py:101) send_video_link 接收到用户选择查看下载链接信息:电影:三方国界:37700
[2020-08-16 16:25:42,980] [23499] [INFO] main.send_video_link (main.py:101) send_video_link 接收到用户选择查看下载链接信息:电影:三方国界:37700
[2020-08-16 16:25:43,006] [23499] [INFO] yyetsBot.iter_video_link (yyetsBot.py:238) iter_tv_link 资源名称:三方国界.Triple.Frontier.2019.中英字幕.WEBrip.AAC.720P.V2.mp4,文件大小:1.76GB,下载类型:电驴,下载链接:ed2k://|file|%E4%B8%89%E6%96%B9%E5%9B%BD%E7%95%8C.Triple.Frontier.2019.%E4%B8%AD%E8%8B%B1%E5%AD%97%E5%B9%95.WEBrip.AAC.720P.V2.mp4|1885456107|c6cd3fb7083d9cbecd1afb2c1ed5323a|h=sh5q352q5nevtwvs23galhpawgew6xnu|/
[2020-08-16 16:25:43,006] [23499] [INFO] yyetsBot.iter_video_link (yyetsBot.py:238) iter_tv_link 资源名称:三方国界.Triple.Frontier.2019.中英字幕.WEBrip.AAC.720P.V2.mp4,文件大小:1.76GB,下载类型:电驴,下载链接:ed2k://|file|%E4%B8%89%E6%96%B9%E5%9B%BD%E7%95%8C.Triple.Frontier.2019.%E4%B8%AD%E8%8B%B1%E5%AD%97%E5%B9%95.WEBrip.AAC.720P.V2.mp4|1885456107|c6cd3fb7083d9cbecd1afb2c1ed5323a|h=sh5q352q5nevtwvs23galhpawgew6xnu|/
[2020-08-16 16:25:43,006] [23499] [INFO] yyetsBot.iter_video_link (yyetsBot.py:238) iter_tv_link 资源名称:三方国界.Triple.Frontier.2019.中英字幕.WEBrip.AAC.720P.V2.mp4,文件大小:1.76GB,下载类型:电驴,下载链接:ed2k://|file|%E4%B8%89%E6%96%B9%E5%9B%BD%E7%95%8C.Triple.Frontier.2019.%E4%B8%AD%E8%8B%B1%E5%AD%97%E5%B9%95.WEBrip.AAC.720P.V2.mp4|1885456107|c6cd3fb7083d9cbecd1afb2c1ed5323a|h=sh5q352q5nevtwvs23galhpawgew6xnu|/
[2020-08-16 16:25:43,006] [23499] [INFO] yyetsBot.iter_video_link (yyetsBot.py:230) iter_tv_link 资源名称:三方国界.Triple.Frontier.2019.中英字幕.WEBrip.AAC.720P.V2.mp4,文件大小:1.76GB,下载类型:磁力,下载链接:magnet:?xt=urn:btih:d26664381cf0e6f08665ec3ffbe7c8344d858d59&tr=udp://9.rarbg.to:2710/announce&tr=udp://9.rarbg.me:2710/announce&tr=http://tr.cili001.com:8070/announce&tr=http://tracker.trackerfix.com:80/announce&tr=udp://open.demonii.com:1337&tr=udp://tracker.opentrackr.org:1337/announce&tr=udp://p4p.arenabg.com:1337&tr=wss://tracker.openwebtorrent.com&tr=wss://tracker.btorrent.xyz&tr=wss://tracker.fastcast.nz
[2020-08-16 16:25:43,006] [23499] [INFO] yyetsBot.iter_video_link (yyetsBot.py:230) iter_tv_link 资源名称:三方国界.Triple.Frontier.2019.中英字幕.WEBrip.AAC.720P.V2.mp4,文件大小:1.76GB,下载类型:磁力,下载链接:magnet:?xt=urn:btih:d26664381cf0e6f08665ec3ffbe7c8344d858d59&tr=udp://9.rarbg.to:2710/announce&tr=udp://9.rarbg.me:2710/announce&tr=http://tr.cili001.com:8070/announce&tr=http://tracker.trackerfix.com:80/announce&tr=udp://open.demonii.com:1337&tr=udp://tracker.opentrackr.org:1337/announce&tr=udp://p4p.arenabg.com:1337&tr=wss://tracker.openwebtorrent.com&tr=wss://tracker.btorrent.xyz&tr=wss://tracker.fastcast.nz
[2020-08-16 16:25:43,006] [23499] [INFO] yyetsBot.iter_video_link (yyetsBot.py:230) iter_tv_link 资源名称:三方国界.Triple.Frontier.2019.中英字幕.WEBrip.AAC.720P.V2.mp4,文件大小:1.76GB,下载类型:磁力,下载链接:magnet:?xt=urn:btih:d26664381cf0e6f08665ec3ffbe7c8344d858d59&tr=udp://9.rarbg.to:2710/announce&tr=udp://9.rarbg.me:2710/announce&tr=http://tr.cili001.com:8070/announce&tr=http://tracker.trackerfix.com:80/announce&tr=udp://open.demonii.com:1337&tr=udp://tracker.opentrackr.org:1337/announce&tr=udp://p4p.arenabg.com:1337&tr=wss://tracker.openwebtorrent.com&tr=wss://tracker.btorrent.xyz&tr=wss://tracker.fastcast.nz
[2020-08-16 16:26:00,839] [23499] [INFO] main.send_video_link (main.py:101) send_video_link 接收到用户选择查看下载链接信息:donate:0.11
[2020-08-16 16:26:00,839] [23499] [INFO] main.send_video_link (main.py:101) send_video_link 接收到用户选择查看下载链接信息:donate:0.11
[2020-08-16 16:26:00,839] [23499] [INFO] main.send_video_link (main.py:101) send_video_link 接收到用户选择查看下载链接信息:donate:0.11
[2020-08-16 16:26:01,383] [23499] [INFO] alifacepay.submit (alifacepay.py:45) alifacepay.submit 订单:2020081616260045，order_string:{'code': '10000', 'msg': 'Success', 'out_trade_no': '2020081616260045', 'qr_code': 'https://qr.alipay.com/bax012119gybotcovhf1200b'}
[2020-08-16 16:26:01,383] [23499] [INFO] alifacepay.submit (alifacepay.py:45) alifacepay.submit 订单:2020081616260045，order_string:{'code': '10000', 'msg': 'Success', 'out_trade_no': '2020081616260045', 'qr_code': 'https://qr.alipay.com/bax012119gybotcovhf1200b'}
[2020-08-16 16:26:01,383] [23499] [INFO] alifacepay.submit (alifacepay.py:45) alifacepay.submit 订单:2020081616260045，order_string:{'code': '10000', 'msg': 'Success', 'out_trade_no': '2020081616260045', 'qr_code': 'https://qr.alipay.com/bax012119gybotcovhf1200b'}
[2020-08-16 16:26:15,180] [23499] [INFO] alifacepay.check_donate (alifacepay.py:89) alifacepay.check_donate result:{'code': '40004', 'msg': 'Business Failed', 'sub_code': 'ACQ.TRADE_NOT_EXIST', 'sub_msg': '交易不存在', 'buyer_pay_amount': '0.00', 'invoice_amount': '0.00', 'out_trade_no': '2020081616260045', 'point_amount': '0.00', 'receipt_amount': '0.00'}
[2020-08-16 16:26:15,180] [23499] [INFO] alifacepay.check_donate (alifacepay.py:89) alifacepay.check_donate result:{'code': '40004', 'msg': 'Business Failed', 'sub_code': 'ACQ.TRADE_NOT_EXIST', 'sub_msg': '交易不存在', 'buyer_pay_amount': '0.00', 'invoice_amount': '0.00', 'out_trade_no': '2020081616260045', 'point_amount': '0.00', 'receipt_amount': '0.00'}
[2020-08-16 16:26:15,180] [23499] [INFO] alifacepay.check_donate (alifacepay.py:89) alifacepay.check_donate result:{'code': '40004', 'msg': 'Business Failed', 'sub_code': 'ACQ.TRADE_NOT_EXIST', 'sub_msg': '交易不存在', 'buyer_pay_amount': '0.00', 'invoice_amount': '0.00', 'out_trade_no': '2020081616260045', 'point_amount': '0.00', 'receipt_amount': '0.00'}
[2020-08-16 16:26:30,001] [23499] [INFO] alifacepay.check_donate (alifacepay.py:89) alifacepay.check_donate result:{'code': '40004', 'msg': 'Business Failed', 'sub_code': 'ACQ.TRADE_NOT_EXIST', 'sub_msg': '交易不存在', 'buyer_pay_amount': '0.00', 'invoice_amount': '0.00', 'out_trade_no': '2020081616260045', 'point_amount': '0.00', 'receipt_amount': '0.00'}
[2020-08-16 16:26:30,001] [23499] [INFO] alifacepay.check_donate (alifacepay.py:89) alifacepay.check_donate result:{'code': '40004', 'msg': 'Business Failed', 'sub_code': 'ACQ.TRADE_NOT_EXIST', 'sub_msg': '交易不存在', 'buyer_pay_amount': '0.00', 'invoice_amount': '0.00', 'out_trade_no': '2020081616260045', 'point_amount': '0.00', 'receipt_amount': '0.00'}
[2020-08-16 16:26:30,001] [23499] [INFO] alifacepay.check_donate (alifacepay.py:89) alifacepay.check_donate result:{'code': '40004', 'msg': 'Business Failed', 'sub_code': 'ACQ.TRADE_NOT_EXIST', 'sub_msg': '交易不存在', 'buyer_pay_amount': '0.00', 'invoice_amount': '0.00', 'out_trade_no': '2020081616260045', 'point_amount': '0.00', 'receipt_amount': '0.00'}
[2020-08-16 16:26:40,522] [23499] [INFO] alifacepay.check_donate (alifacepay.py:89) alifacepay.check_donate result:{'code': '40004', 'msg': 'Business Failed', 'sub_code': 'ACQ.TRADE_NOT_EXIST', 'sub_msg': '交易不存在', 'buyer_pay_amount': '0.00', 'invoice_amount': '0.00', 'out_trade_no': '2020081616260045', 'point_amount': '0.00', 'receipt_amount': '0.00'}
[2020-08-16 16:26:40,522] [23499] [INFO] alifacepay.check_donate (alifacepay.py:89) alifacepay.check_donate result:{'code': '40004', 'msg': 'Business Failed', 'sub_code': 'ACQ.TRADE_NOT_EXIST', 'sub_msg': '交易不存在', 'buyer_pay_amount': '0.00', 'invoice_amount': '0.00', 'out_trade_no': '2020081616260045', 'point_amount': '0.00', 'receipt_amount': '0.00'}
[2020-08-16 16:26:40,522] [23499] [INFO] alifacepay.check_donate (alifacepay.py:89) alifacepay.check_donate result:{'code': '40004', 'msg': 'Business Failed', 'sub_code': 'ACQ.TRADE_NOT_EXIST', 'sub_msg': '交易不存在', 'buyer_pay_amount': '0.00', 'invoice_amount': '0.00', 'out_trade_no': '2020081616260045', 'point_amount': '0.00', 'receipt_amount': '0.00'}
[2020-08-16 16:26:51,186] [23499] [INFO] alifacepay.check_donate (alifacepay.py:89) alifacepay.check_donate result:{'code': '40004', 'msg': 'Business Failed', 'sub_code': 'ACQ.TRADE_NOT_EXIST', 'sub_msg': '交易不存在', 'buyer_pay_amount': '0.00', 'invoice_amount': '0.00', 'out_trade_no': '2020081616260045', 'point_amount': '0.00', 'receipt_amount': '0.00'}
[2020-08-16 16:26:51,186] [23499] [INFO] alifacepay.check_donate (alifacepay.py:89) alifacepay.check_donate result:{'code': '40004', 'msg': 'Business Failed', 'sub_code': 'ACQ.TRADE_NOT_EXIST', 'sub_msg': '交易不存在', 'buyer_pay_amount': '0.00', 'invoice_amount': '0.00', 'out_trade_no': '2020081616260045', 'point_amount': '0.00', 'receipt_amount': '0.00'}
[2020-08-16 16:26:51,186] [23499] [INFO] alifacepay.check_donate (alifacepay.py:89) alifacepay.check_donate result:{'code': '40004', 'msg': 'Business Failed', 'sub_code': 'ACQ.TRADE_NOT_EXIST', 'sub_msg': '交易不存在', 'buyer_pay_amount': '0.00', 'invoice_amount': '0.00', 'out_trade_no': '2020081616260045', 'point_amount': '0.00', 'receipt_amount': '0.00'}
[2020-08-16 16:27:02,247] [23499] [INFO] alifacepay.check_donate (alifacepay.py:89) alifacepay.check_donate result:{'code': '40004', 'msg': 'Business Failed', 'sub_code': 'ACQ.TRADE_NOT_EXIST', 'sub_msg': '交易不存在', 'buyer_pay_amount': '0.00', 'invoice_amount': '0.00', 'out_trade_no': '2020081616260045', 'point_amount': '0.00', 'receipt_amount': '0.00'}
[2020-08-16 16:27:02,247] [23499] [INFO] alifacepay.check_donate (alifacepay.py:89) alifacepay.check_donate result:{'code': '40004', 'msg': 'Business Failed', 'sub_code': 'ACQ.TRADE_NOT_EXIST', 'sub_msg': '交易不存在', 'buyer_pay_amount': '0.00', 'invoice_amount': '0.00', 'out_trade_no': '2020081616260045', 'point_amount': '0.00', 'receipt_amount': '0.00'}
[2020-08-16 16:27:02,247] [23499] [INFO] alifacepay.check_donate (alifacepay.py:89) alifacepay.check_donate result:{'code': '40004', 'msg': 'Business Failed', 'sub_code': 'ACQ.TRADE_NOT_EXIST', 'sub_msg': '交易不存在', 'buyer_pay_amount': '0.00', 'invoice_amount': '0.00', 'out_trade_no': '2020081616260045', 'point_amount': '0.00', 'receipt_amount': '0.00'}
[2020-08-16 16:27:12,873] [23499] [INFO] alifacepay.check_donate (alifacepay.py:89) alifacepay.check_donate result:{'code': '40004', 'msg': 'Business Failed', 'sub_code': 'ACQ.TRADE_NOT_EXIST', 'sub_msg': '交易不存在', 'buyer_pay_amount': '0.00', 'invoice_amount': '0.00', 'out_trade_no': '2020081616260045', 'point_amount': '0.00', 'receipt_amount': '0.00'}
[2020-08-16 16:27:12,873] [23499] [INFO] alifacepay.check_donate (alifacepay.py:89) alifacepay.check_donate result:{'code': '40004', 'msg': 'Business Failed', 'sub_code': 'ACQ.TRADE_NOT_EXIST', 'sub_msg': '交易不存在', 'buyer_pay_amount': '0.00', 'invoice_amount': '0.00', 'out_trade_no': '2020081616260045', 'point_amount': '0.00', 'receipt_amount': '0.00'}
[2020-08-16 16:27:12,873] [23499] [INFO] alifacepay.check_donate (alifacepay.py:89) alifacepay.check_donate result:{'code': '40004', 'msg': 'Business Failed', 'sub_code': 'ACQ.TRADE_NOT_EXIST', 'sub_msg': '交易不存在', 'buyer_pay_amount': '0.00', 'invoice_amount': '0.00', 'out_trade_no': '2020081616260045', 'point_amount': '0.00', 'receipt_amount': '0.00'}
[2020-08-16 16:27:23,279] [23499] [INFO] alifacepay.check_donate (alifacepay.py:89) alifacepay.check_donate result:{'code': '40004', 'msg': 'Business Failed', 'sub_code': 'ACQ.TRADE_NOT_EXIST', 'sub_msg': '交易不存在', 'buyer_pay_amount': '0.00', 'invoice_amount': '0.00', 'out_trade_no': '2020081616260045', 'point_amount': '0.00', 'receipt_amount': '0.00'}
[2020-08-16 16:27:23,279] [23499] [INFO] alifacepay.check_donate (alifacepay.py:89) alifacepay.check_donate result:{'code': '40004', 'msg': 'Business Failed', 'sub_code': 'ACQ.TRADE_NOT_EXIST', 'sub_msg': '交易不存在', 'buyer_pay_amount': '0.00', 'invoice_amount': '0.00', 'out_trade_no': '2020081616260045', 'point_amount': '0.00', 'receipt_amount': '0.00'}
[2020-08-16 16:27:23,279] [23499] [INFO] alifacepay.check_donate (alifacepay.py:89) alifacepay.check_donate result:{'code': '40004', 'msg': 'Business Failed', 'sub_code': 'ACQ.TRADE_NOT_EXIST', 'sub_msg': '交易不存在', 'buyer_pay_amount': '0.00', 'invoice_amount': '0.00', 'out_trade_no': '2020081616260045', 'point_amount': '0.00', 'receipt_amount': '0.00'}
[2020-08-16 16:27:38,506] [23499] [INFO] alifacepay.check_donate (alifacepay.py:89) alifacepay.check_donate result:{'code': '40004', 'msg': 'Business Failed', 'sub_code': 'ACQ.TRADE_NOT_EXIST', 'sub_msg': '交易不存在', 'buyer_pay_amount': '0.00', 'invoice_amount': '0.00', 'out_trade_no': '2020081616260045', 'point_amount': '0.00', 'receipt_amount': '0.00'}
[2020-08-16 16:27:38,506] [23499] [INFO] alifacepay.check_donate (alifacepay.py:89) alifacepay.check_donate result:{'code': '40004', 'msg': 'Business Failed', 'sub_code': 'ACQ.TRADE_NOT_EXIST', 'sub_msg': '交易不存在', 'buyer_pay_amount': '0.00', 'invoice_amount': '0.00', 'out_trade_no': '2020081616260045', 'point_amount': '0.00', 'receipt_amount': '0.00'}
[2020-08-16 16:27:38,506] [23499] [INFO] alifacepay.check_donate (alifacepay.py:89) alifacepay.check_donate result:{'code': '40004', 'msg': 'Business Failed', 'sub_code': 'ACQ.TRADE_NOT_EXIST', 'sub_msg': '交易不存在', 'buyer_pay_amount': '0.00', 'invoice_amount': '0.00', 'out_trade_no': '2020081616260045', 'point_amount': '0.00', 'receipt_amount': '0.00'}
[2020-08-16 16:27:49,162] [23499] [INFO] alifacepay.check_donate (alifacepay.py:89) alifacepay.check_donate result:{'code': '40004', 'msg': 'Business Failed', 'sub_code': 'ACQ.TRADE_NOT_EXIST', 'sub_msg': '交易不存在', 'buyer_pay_amount': '0.00', 'invoice_amount': '0.00', 'out_trade_no': '2020081616260045', 'point_amount': '0.00', 'receipt_amount': '0.00'}
[2020-08-16 16:27:49,162] [23499] [INFO] alifacepay.check_donate (alifacepay.py:89) alifacepay.check_donate result:{'code': '40004', 'msg': 'Business Failed', 'sub_code': 'ACQ.TRADE_NOT_EXIST', 'sub_msg': '交易不存在', 'buyer_pay_amount': '0.00', 'invoice_amount': '0.00', 'out_trade_no': '2020081616260045', 'point_amount': '0.00', 'receipt_amount': '0.00'}
[2020-08-16 16:27:49,162] [23499] [INFO] alifacepay.check_donate (alifacepay.py:89) alifacepay.check_donate result:{'code': '40004', 'msg': 'Business Failed', 'sub_code': 'ACQ.TRADE_NOT_EXIST', 'sub_msg': '交易不存在', 'buyer_pay_amount': '0.00', 'invoice_amount': '0.00', 'out_trade_no': '2020081616260045', 'point_amount': '0.00', 'receipt_amount': '0.00'}
[2020-08-16 16:27:59,564] [23499] [INFO] alifacepay.check_donate (alifacepay.py:89) alifacepay.check_donate result:{'code': '40004', 'msg': 'Business Failed', 'sub_code': 'ACQ.TRADE_NOT_EXIST', 'sub_msg': '交易不存在', 'buyer_pay_amount': '0.00', 'invoice_amount': '0.00', 'out_trade_no': '2020081616260045', 'point_amount': '0.00', 'receipt_amount': '0.00'}
[2020-08-16 16:27:59,564] [23499] [INFO] alifacepay.check_donate (alifacepay.py:89) alifacepay.check_donate result:{'code': '40004', 'msg': 'Business Failed', 'sub_code': 'ACQ.TRADE_NOT_EXIST', 'sub_msg': '交易不存在', 'buyer_pay_amount': '0.00', 'invoice_amount': '0.00', 'out_trade_no': '2020081616260045', 'point_amount': '0.00', 'receipt_amount': '0.00'}
[2020-08-16 16:27:59,564] [23499] [INFO] alifacepay.check_donate (alifacepay.py:89) alifacepay.check_donate result:{'code': '40004', 'msg': 'Business Failed', 'sub_code': 'ACQ.TRADE_NOT_EXIST', 'sub_msg': '交易不存在', 'buyer_pay_amount': '0.00', 'invoice_amount': '0.00', 'out_trade_no': '2020081616260045', 'point_amount': '0.00', 'receipt_amount': '0.00'}
[2020-08-16 16:28:10,412] [23499] [INFO] alifacepay.check_donate (alifacepay.py:89) alifacepay.check_donate result:{'code': '40004', 'msg': 'Business Failed', 'sub_code': 'ACQ.TRADE_NOT_EXIST', 'sub_msg': '交易不存在', 'buyer_pay_amount': '0.00', 'invoice_amount': '0.00', 'out_trade_no': '2020081616260045', 'point_amount': '0.00', 'receipt_amount': '0.00'}
[2020-08-16 16:28:10,412] [23499] [INFO] alifacepay.check_donate (alifacepay.py:89) alifacepay.check_donate result:{'code': '40004', 'msg': 'Business Failed', 'sub_code': 'ACQ.TRADE_NOT_EXIST', 'sub_msg': '交易不存在', 'buyer_pay_amount': '0.00', 'invoice_amount': '0.00', 'out_trade_no': '2020081616260045', 'point_amount': '0.00', 'receipt_amount': '0.00'}
[2020-08-16 16:28:10,412] [23499] [INFO] alifacepay.check_donate (alifacepay.py:89) alifacepay.check_donate result:{'code': '40004', 'msg': 'Business Failed', 'sub_code': 'ACQ.TRADE_NOT_EXIST', 'sub_msg': '交易不存在', 'buyer_pay_amount': '0.00', 'invoice_amount': '0.00', 'out_trade_no': '2020081616260045', 'point_amount': '0.00', 'receipt_amount': '0.00'}
[2020-08-16 16:28:21,654] [23499] [INFO] alifacepay.check_donate (alifacepay.py:89) alifacepay.check_donate result:{'code': '40004', 'msg': 'Business Failed', 'sub_code': 'ACQ.TRADE_NOT_EXIST', 'sub_msg': '交易不存在', 'buyer_pay_amount': '0.00', 'invoice_amount': '0.00', 'out_trade_no': '2020081616260045', 'point_amount': '0.00', 'receipt_amount': '0.00'}
[2020-08-16 16:28:21,654] [23499] [INFO] alifacepay.check_donate (alifacepay.py:89) alifacepay.check_donate result:{'code': '40004', 'msg': 'Business Failed', 'sub_code': 'ACQ.TRADE_NOT_EXIST', 'sub_msg': '交易不存在', 'buyer_pay_amount': '0.00', 'invoice_amount': '0.00', 'out_trade_no': '2020081616260045', 'point_amount': '0.00', 'receipt_amount': '0.00'}
[2020-08-16 16:28:21,654] [23499] [INFO] alifacepay.check_donate (alifacepay.py:89) alifacepay.check_donate result:{'code': '40004', 'msg': 'Business Failed', 'sub_code': 'ACQ.TRADE_NOT_EXIST', 'sub_msg': '交易不存在', 'buyer_pay_amount': '0.00', 'invoice_amount': '0.00', 'out_trade_no': '2020081616260045', 'point_amount': '0.00', 'receipt_amount': '0.00'}
[2020-08-16 16:28:31,995] [23499] [INFO] alifacepay.check_donate (alifacepay.py:89) alifacepay.check_donate result:{'code': '40004', 'msg': 'Business Failed', 'sub_code': 'ACQ.TRADE_NOT_EXIST', 'sub_msg': '交易不存在', 'buyer_pay_amount': '0.00', 'invoice_amount': '0.00', 'out_trade_no': '2020081616260045', 'point_amount': '0.00', 'receipt_amount': '0.00'}
[2020-08-16 16:28:31,995] [23499] [INFO] alifacepay.check_donate (alifacepay.py:89) alifacepay.check_donate result:{'code': '40004', 'msg': 'Business Failed', 'sub_code': 'ACQ.TRADE_NOT_EXIST', 'sub_msg': '交易不存在', 'buyer_pay_amount': '0.00', 'invoice_amount': '0.00', 'out_trade_no': '2020081616260045', 'point_amount': '0.00', 'receipt_amount': '0.00'}
[2020-08-16 16:28:31,995] [23499] [INFO] alifacepay.check_donate (alifacepay.py:89) alifacepay.check_donate result:{'code': '40004', 'msg': 'Business Failed', 'sub_code': 'ACQ.TRADE_NOT_EXIST', 'sub_msg': '交易不存在', 'buyer_pay_amount': '0.00', 'invoice_amount': '0.00', 'out_trade_no': '2020081616260045', 'point_amount': '0.00', 'receipt_amount': '0.00'}
[2020-08-16 16:29:02,053] [23499] [ERROR] alifacepay.check_donate (alifacepay.py:103) alifacepay.check_donate 订单:2020081616260045查询出错，抛出异常:<urlopen error _ssl.c:835: The handshake operation timed out>
Traceback (most recent call last):
  File "/usr/lib/python3.6/urllib/request.py", line 1325, in do_open
    encode_chunked=req.has_header('Transfer-encoding'))
  File "/usr/lib/python3.6/http/client.py", line 1264, in request
    self._send_request(method, url, body, headers, encode_chunked)
  File "/usr/lib/python3.6/http/client.py", line 1310, in _send_request
    self.endheaders(body, encode_chunked=encode_chunked)
  File "/usr/lib/python3.6/http/client.py", line 1259, in endheaders
    self._send_output(message_body, encode_chunked=encode_chunked)
  File "/usr/lib/python3.6/http/client.py", line 1038, in _send_output
    self.send(msg)
  File "/usr/lib/python3.6/http/client.py", line 976, in send
    self.connect()
  File "/usr/lib/python3.6/http/client.py", line 1425, in connect
    server_hostname=server_hostname)
  File "/usr/lib/python3.6/ssl.py", line 407, in wrap_socket
    _context=self, _session=session)
  File "/usr/lib/python3.6/ssl.py", line 817, in __init__
    self.do_handshake()
  File "/usr/lib/python3.6/ssl.py", line 1077, in do_handshake
    self._sslobj.do_handshake()
  File "/usr/lib/python3.6/ssl.py", line 689, in do_handshake
    self._sslobj.do_handshake()
socket.timeout: _ssl.c:835: The handshake operation timed out

During handling of the above exception, another exception occurred:

Traceback (most recent call last):
  File "/root/yyets/src/alifacepay.py", line 97, in check_donate
    alipay.api_alipay_trade_cancel(out_trade_no=out_trade_no)
  File "/usr/local/lib/python3.6/dist-packages/alipay/__init__.py", line 397, in api_alipay_trade_cancel
    return self.verified_sync_response(data, response_type)
  File "/usr/local/lib/python3.6/dist-packages/alipay/__init__.py", line 573, in verified_sync_response
    raw_string = urlopen(url, timeout=30).read().decode()
  File "/usr/lib/python3.6/urllib/request.py", line 223, in urlopen
    return opener.open(url, data, timeout)
  File "/usr/lib/python3.6/urllib/request.py", line 526, in open
    response = self._open(req, data)
  File "/usr/lib/python3.6/urllib/request.py", line 544, in _open
    '_open', req)
  File "/usr/lib/python3.6/urllib/request.py", line 504, in _call_chain
    result = func(*args)
  File "/usr/lib/python3.6/urllib/request.py", line 1368, in https_open
    context=self._context, check_hostname=self._check_hostname)
  File "/usr/lib/python3.6/urllib/request.py", line 1327, in do_open
    raise URLError(err)
urllib.error.URLError: <urlopen error _ssl.c:835: The handshake operation timed out>
[2020-08-16 16:29:02,053] [23499] [ERROR] alifacepay.check_donate (alifacepay.py:103) alifacepay.check_donate 订单:2020081616260045查询出错，抛出异常:<urlopen error _ssl.c:835: The handshake operation timed out>
Traceback (most recent call last):
  File "/usr/lib/python3.6/urllib/request.py", line 1325, in do_open
    encode_chunked=req.has_header('Transfer-encoding'))
  File "/usr/lib/python3.6/http/client.py", line 1264, in request
    self._send_request(method, url, body, headers, encode_chunked)
  File "/usr/lib/python3.6/http/client.py", line 1310, in _send_request
    self.endheaders(body, encode_chunked=encode_chunked)
  File "/usr/lib/python3.6/http/client.py", line 1259, in endheaders
    self._send_output(message_body, encode_chunked=encode_chunked)
  File "/usr/lib/python3.6/http/client.py", line 1038, in _send_output
    self.send(msg)
  File "/usr/lib/python3.6/http/client.py", line 976, in send
    self.connect()
  File "/usr/lib/python3.6/http/client.py", line 1425, in connect
    server_hostname=server_hostname)
  File "/usr/lib/python3.6/ssl.py", line 407, in wrap_socket
    _context=self, _session=session)
  File "/usr/lib/python3.6/ssl.py", line 817, in __init__
    self.do_handshake()
  File "/usr/lib/python3.6/ssl.py", line 1077, in do_handshake
    self._sslobj.do_handshake()
  File "/usr/lib/python3.6/ssl.py", line 689, in do_handshake
    self._sslobj.do_handshake()
socket.timeout: _ssl.c:835: The handshake operation timed out

During handling of the above exception, another exception occurred:

Traceback (most recent call last):
  File "/root/yyets/src/alifacepay.py", line 97, in check_donate
    alipay.api_alipay_trade_cancel(out_trade_no=out_trade_no)
  File "/usr/local/lib/python3.6/dist-packages/alipay/__init__.py", line 397, in api_alipay_trade_cancel
    return self.verified_sync_response(data, response_type)
  File "/usr/local/lib/python3.6/dist-packages/alipay/__init__.py", line 573, in verified_sync_response
    raw_string = urlopen(url, timeout=30).read().decode()
  File "/usr/lib/python3.6/urllib/request.py", line 223, in urlopen
    return opener.open(url, data, timeout)
  File "/usr/lib/python3.6/urllib/request.py", line 526, in open
    response = self._open(req, data)
  File "/usr/lib/python3.6/urllib/request.py", line 544, in _open
    '_open', req)
  File "/usr/lib/python3.6/urllib/request.py", line 504, in _call_chain
    result = func(*args)
  File "/usr/lib/python3.6/urllib/request.py", line 1368, in https_open
    context=self._context, check_hostname=self._check_hostname)
  File "/usr/lib/python3.6/urllib/request.py", line 1327, in do_open
    raise URLError(err)
urllib.error.URLError: <urlopen error _ssl.c:835: The handshake operation timed out>
[2020-08-16 16:29:02,053] [23499] [ERROR] alifacepay.check_donate (alifacepay.py:103) alifacepay.check_donate 订单:2020081616260045查询出错，抛出异常:<urlopen error _ssl.c:835: The handshake operation timed out>
Traceback (most recent call last):
  File "/usr/lib/python3.6/urllib/request.py", line 1325, in do_open
    encode_chunked=req.has_header('Transfer-encoding'))
  File "/usr/lib/python3.6/http/client.py", line 1264, in request
    self._send_request(method, url, body, headers, encode_chunked)
  File "/usr/lib/python3.6/http/client.py", line 1310, in _send_request
    self.endheaders(body, encode_chunked=encode_chunked)
  File "/usr/lib/python3.6/http/client.py", line 1259, in endheaders
    self._send_output(message_body, encode_chunked=encode_chunked)
  File "/usr/lib/python3.6/http/client.py", line 1038, in _send_output
    self.send(msg)
  File "/usr/lib/python3.6/http/client.py", line 976, in send
    self.connect()
  File "/usr/lib/python3.6/http/client.py", line 1425, in connect
    server_hostname=server_hostname)
  File "/usr/lib/python3.6/ssl.py", line 407, in wrap_socket
    _context=self, _session=session)
  File "/usr/lib/python3.6/ssl.py", line 817, in __init__
    self.do_handshake()
  File "/usr/lib/python3.6/ssl.py", line 1077, in do_handshake
    self._sslobj.do_handshake()
  File "/usr/lib/python3.6/ssl.py", line 689, in do_handshake
    self._sslobj.do_handshake()
socket.timeout: _ssl.c:835: The handshake operation timed out

During handling of the above exception, another exception occurred:

Traceback (most recent call last):
  File "/root/yyets/src/alifacepay.py", line 97, in check_donate
    alipay.api_alipay_trade_cancel(out_trade_no=out_trade_no)
  File "/usr/local/lib/python3.6/dist-packages/alipay/__init__.py", line 397, in api_alipay_trade_cancel
    return self.verified_sync_response(data, response_type)
  File "/usr/local/lib/python3.6/dist-packages/alipay/__init__.py", line 573, in verified_sync_response
    raw_string = urlopen(url, timeout=30).read().decode()
  File "/usr/lib/python3.6/urllib/request.py", line 223, in urlopen
    return opener.open(url, data, timeout)
  File "/usr/lib/python3.6/urllib/request.py", line 526, in open
    response = self._open(req, data)
  File "/usr/lib/python3.6/urllib/request.py", line 544, in _open
    '_open', req)
  File "/usr/lib/python3.6/urllib/request.py", line 504, in _call_chain
    result = func(*args)
  File "/usr/lib/python3.6/urllib/request.py", line 1368, in https_open
    context=self._context, check_hostname=self._check_hostname)
  File "/usr/lib/python3.6/urllib/request.py", line 1327, in do_open
    raise URLError(err)
urllib.error.URLError: <urlopen error _ssl.c:835: The handshake operation timed out>
[2020-08-16 16:30:47,031] [26687] [INFO] main.send_video_link (main.py:101) send_video_link 接收到用户选择查看下载链接信息:donate:0.11
[2020-08-16 16:30:47,031] [26687] [INFO] main.send_video_link (main.py:101) send_video_link 接收到用户选择查看下载链接信息:donate:0.11
[2020-08-16 16:30:47,031] [26687] [INFO] main.send_video_link (main.py:101) send_video_link 接收到用户选择查看下载链接信息:donate:0.11
[2020-08-16 16:30:47,733] [26687] [INFO] alifacepay.submit (alifacepay.py:45) alifacepay.submit 订单:2020081616304746，order_string:{'code': '10000', 'msg': 'Success', 'out_trade_no': '2020081616304746', 'qr_code': 'https://qr.alipay.com/bax02798nggyk91m3ixm5004'}
[2020-08-16 16:30:47,733] [26687] [INFO] alifacepay.submit (alifacepay.py:45) alifacepay.submit 订单:2020081616304746，order_string:{'code': '10000', 'msg': 'Success', 'out_trade_no': '2020081616304746', 'qr_code': 'https://qr.alipay.com/bax02798nggyk91m3ixm5004'}
[2020-08-16 16:30:47,733] [26687] [INFO] alifacepay.submit (alifacepay.py:45) alifacepay.submit 订单:2020081616304746，order_string:{'code': '10000', 'msg': 'Success', 'out_trade_no': '2020081616304746', 'qr_code': 'https://qr.alipay.com/bax02798nggyk91m3ixm5004'}
[2020-08-16 16:31:18,659] [26687] [INFO] alifacepay.check_donate (alifacepay.py:89) alifacepay.check_donate result:{'code': '40004', 'msg': 'Business Failed', 'sub_code': 'ACQ.TRADE_NOT_EXIST', 'sub_msg': '交易不存在', 'buyer_pay_amount': '0.00', 'invoice_amount': '0.00', 'out_trade_no': '2020081616304746', 'point_amount': '0.00', 'receipt_amount': '0.00'}
[2020-08-16 16:31:18,659] [26687] [INFO] alifacepay.check_donate (alifacepay.py:89) alifacepay.check_donate result:{'code': '40004', 'msg': 'Business Failed', 'sub_code': 'ACQ.TRADE_NOT_EXIST', 'sub_msg': '交易不存在', 'buyer_pay_amount': '0.00', 'invoice_amount': '0.00', 'out_trade_no': '2020081616304746', 'point_amount': '0.00', 'receipt_amount': '0.00'}
[2020-08-16 16:31:18,659] [26687] [INFO] alifacepay.check_donate (alifacepay.py:89) alifacepay.check_donate result:{'code': '40004', 'msg': 'Business Failed', 'sub_code': 'ACQ.TRADE_NOT_EXIST', 'sub_msg': '交易不存在', 'buyer_pay_amount': '0.00', 'invoice_amount': '0.00', 'out_trade_no': '2020081616304746', 'point_amount': '0.00', 'receipt_amount': '0.00'}
[2020-08-16 16:31:30,099] [26687] [INFO] alifacepay.check_donate (alifacepay.py:89) alifacepay.check_donate result:{'code': '40004', 'msg': 'Business Failed', 'sub_code': 'ACQ.TRADE_NOT_EXIST', 'sub_msg': '交易不存在', 'buyer_pay_amount': '0.00', 'invoice_amount': '0.00', 'out_trade_no': '2020081616304746', 'point_amount': '0.00', 'receipt_amount': '0.00'}
[2020-08-16 16:31:30,099] [26687] [INFO] alifacepay.check_donate (alifacepay.py:89) alifacepay.check_donate result:{'code': '40004', 'msg': 'Business Failed', 'sub_code': 'ACQ.TRADE_NOT_EXIST', 'sub_msg': '交易不存在', 'buyer_pay_amount': '0.00', 'invoice_amount': '0.00', 'out_trade_no': '2020081616304746', 'point_amount': '0.00', 'receipt_amount': '0.00'}
[2020-08-16 16:31:30,099] [26687] [INFO] alifacepay.check_donate (alifacepay.py:89) alifacepay.check_donate result:{'code': '40004', 'msg': 'Business Failed', 'sub_code': 'ACQ.TRADE_NOT_EXIST', 'sub_msg': '交易不存在', 'buyer_pay_amount': '0.00', 'invoice_amount': '0.00', 'out_trade_no': '2020081616304746', 'point_amount': '0.00', 'receipt_amount': '0.00'}
[2020-08-16 16:31:44,970] [26687] [INFO] alifacepay.check_donate (alifacepay.py:89) alifacepay.check_donate result:{'code': '40004', 'msg': 'Business Failed', 'sub_code': 'ACQ.TRADE_NOT_EXIST', 'sub_msg': '交易不存在', 'buyer_pay_amount': '0.00', 'invoice_amount': '0.00', 'out_trade_no': '2020081616304746', 'point_amount': '0.00', 'receipt_amount': '0.00'}
[2020-08-16 16:31:44,970] [26687] [INFO] alifacepay.check_donate (alifacepay.py:89) alifacepay.check_donate result:{'code': '40004', 'msg': 'Business Failed', 'sub_code': 'ACQ.TRADE_NOT_EXIST', 'sub_msg': '交易不存在', 'buyer_pay_amount': '0.00', 'invoice_amount': '0.00', 'out_trade_no': '2020081616304746', 'point_amount': '0.00', 'receipt_amount': '0.00'}
[2020-08-16 16:31:44,970] [26687] [INFO] alifacepay.check_donate (alifacepay.py:89) alifacepay.check_donate result:{'code': '40004', 'msg': 'Business Failed', 'sub_code': 'ACQ.TRADE_NOT_EXIST', 'sub_msg': '交易不存在', 'buyer_pay_amount': '0.00', 'invoice_amount': '0.00', 'out_trade_no': '2020081616304746', 'point_amount': '0.00', 'receipt_amount': '0.00'}
[2020-08-16 16:31:55,988] [26687] [INFO] alifacepay.check_donate (alifacepay.py:89) alifacepay.check_donate result:{'code': '40004', 'msg': 'Business Failed', 'sub_code': 'ACQ.TRADE_NOT_EXIST', 'sub_msg': '交易不存在', 'buyer_pay_amount': '0.00', 'invoice_amount': '0.00', 'out_trade_no': '2020081616304746', 'point_amount': '0.00', 'receipt_amount': '0.00'}
[2020-08-16 16:31:55,988] [26687] [INFO] alifacepay.check_donate (alifacepay.py:89) alifacepay.check_donate result:{'code': '40004', 'msg': 'Business Failed', 'sub_code': 'ACQ.TRADE_NOT_EXIST', 'sub_msg': '交易不存在', 'buyer_pay_amount': '0.00', 'invoice_amount': '0.00', 'out_trade_no': '2020081616304746', 'point_amount': '0.00', 'receipt_amount': '0.00'}
[2020-08-16 16:31:55,988] [26687] [INFO] alifacepay.check_donate (alifacepay.py:89) alifacepay.check_donate result:{'code': '40004', 'msg': 'Business Failed', 'sub_code': 'ACQ.TRADE_NOT_EXIST', 'sub_msg': '交易不存在', 'buyer_pay_amount': '0.00', 'invoice_amount': '0.00', 'out_trade_no': '2020081616304746', 'point_amount': '0.00', 'receipt_amount': '0.00'}
[2020-08-16 16:32:06,592] [26687] [INFO] alifacepay.check_donate (alifacepay.py:89) alifacepay.check_donate result:{'code': '40004', 'msg': 'Business Failed', 'sub_code': 'ACQ.TRADE_NOT_EXIST', 'sub_msg': '交易不存在', 'buyer_pay_amount': '0.00', 'invoice_amount': '0.00', 'out_trade_no': '2020081616304746', 'point_amount': '0.00', 'receipt_amount': '0.00'}
[2020-08-16 16:32:06,592] [26687] [INFO] alifacepay.check_donate (alifacepay.py:89) alifacepay.check_donate result:{'code': '40004', 'msg': 'Business Failed', 'sub_code': 'ACQ.TRADE_NOT_EXIST', 'sub_msg': '交易不存在', 'buyer_pay_amount': '0.00', 'invoice_amount': '0.00', 'out_trade_no': '2020081616304746', 'point_amount': '0.00', 'receipt_amount': '0.00'}
[2020-08-16 16:32:06,592] [26687] [INFO] alifacepay.check_donate (alifacepay.py:89) alifacepay.check_donate result:{'code': '40004', 'msg': 'Business Failed', 'sub_code': 'ACQ.TRADE_NOT_EXIST', 'sub_msg': '交易不存在', 'buyer_pay_amount': '0.00', 'invoice_amount': '0.00', 'out_trade_no': '2020081616304746', 'point_amount': '0.00', 'receipt_amount': '0.00'}
[2020-08-16 16:32:17,995] [26687] [INFO] alifacepay.check_donate (alifacepay.py:89) alifacepay.check_donate result:{'code': '40004', 'msg': 'Business Failed', 'sub_code': 'ACQ.TRADE_NOT_EXIST', 'sub_msg': '交易不存在', 'buyer_pay_amount': '0.00', 'invoice_amount': '0.00', 'out_trade_no': '2020081616304746', 'point_amount': '0.00', 'receipt_amount': '0.00'}
[2020-08-16 16:32:17,995] [26687] [INFO] alifacepay.check_donate (alifacepay.py:89) alifacepay.check_donate result:{'code': '40004', 'msg': 'Business Failed', 'sub_code': 'ACQ.TRADE_NOT_EXIST', 'sub_msg': '交易不存在', 'buyer_pay_amount': '0.00', 'invoice_amount': '0.00', 'out_trade_no': '2020081616304746', 'point_amount': '0.00', 'receipt_amount': '0.00'}
[2020-08-16 16:32:17,995] [26687] [INFO] alifacepay.check_donate (alifacepay.py:89) alifacepay.check_donate result:{'code': '40004', 'msg': 'Business Failed', 'sub_code': 'ACQ.TRADE_NOT_EXIST', 'sub_msg': '交易不存在', 'buyer_pay_amount': '0.00', 'invoice_amount': '0.00', 'out_trade_no': '2020081616304746', 'point_amount': '0.00', 'receipt_amount': '0.00'}
[2020-08-16 16:32:29,610] [26687] [INFO] alifacepay.check_donate (alifacepay.py:89) alifacepay.check_donate result:{'code': '40004', 'msg': 'Business Failed', 'sub_code': 'ACQ.TRADE_NOT_EXIST', 'sub_msg': '交易不存在', 'buyer_pay_amount': '0.00', 'invoice_amount': '0.00', 'out_trade_no': '2020081616304746', 'point_amount': '0.00', 'receipt_amount': '0.00'}
[2020-08-16 16:32:29,610] [26687] [INFO] alifacepay.check_donate (alifacepay.py:89) alifacepay.check_donate result:{'code': '40004', 'msg': 'Business Failed', 'sub_code': 'ACQ.TRADE_NOT_EXIST', 'sub_msg': '交易不存在', 'buyer_pay_amount': '0.00', 'invoice_amount': '0.00', 'out_trade_no': '2020081616304746', 'point_amount': '0.00', 'receipt_amount': '0.00'}
[2020-08-16 16:32:29,610] [26687] [INFO] alifacepay.check_donate (alifacepay.py:89) alifacepay.check_donate result:{'code': '40004', 'msg': 'Business Failed', 'sub_code': 'ACQ.TRADE_NOT_EXIST', 'sub_msg': '交易不存在', 'buyer_pay_amount': '0.00', 'invoice_amount': '0.00', 'out_trade_no': '2020081616304746', 'point_amount': '0.00', 'receipt_amount': '0.00'}
[2020-08-16 16:32:40,183] [26687] [INFO] alifacepay.check_donate (alifacepay.py:89) alifacepay.check_donate result:{'code': '40004', 'msg': 'Business Failed', 'sub_code': 'ACQ.TRADE_NOT_EXIST', 'sub_msg': '交易不存在', 'buyer_pay_amount': '0.00', 'invoice_amount': '0.00', 'out_trade_no': '2020081616304746', 'point_amount': '0.00', 'receipt_amount': '0.00'}
[2020-08-16 16:32:40,183] [26687] [INFO] alifacepay.check_donate (alifacepay.py:89) alifacepay.check_donate result:{'code': '40004', 'msg': 'Business Failed', 'sub_code': 'ACQ.TRADE_NOT_EXIST', 'sub_msg': '交易不存在', 'buyer_pay_amount': '0.00', 'invoice_amount': '0.00', 'out_trade_no': '2020081616304746', 'point_amount': '0.00', 'receipt_amount': '0.00'}
[2020-08-16 16:32:40,183] [26687] [INFO] alifacepay.check_donate (alifacepay.py:89) alifacepay.check_donate result:{'code': '40004', 'msg': 'Business Failed', 'sub_code': 'ACQ.TRADE_NOT_EXIST', 'sub_msg': '交易不存在', 'buyer_pay_amount': '0.00', 'invoice_amount': '0.00', 'out_trade_no': '2020081616304746', 'point_amount': '0.00', 'receipt_amount': '0.00'}
[2020-08-16 16:32:51,335] [26687] [INFO] alifacepay.check_donate (alifacepay.py:89) alifacepay.check_donate result:{'code': '40004', 'msg': 'Business Failed', 'sub_code': 'ACQ.TRADE_NOT_EXIST', 'sub_msg': '交易不存在', 'buyer_pay_amount': '0.00', 'invoice_amount': '0.00', 'out_trade_no': '2020081616304746', 'point_amount': '0.00', 'receipt_amount': '0.00'}
[2020-08-16 16:32:51,335] [26687] [INFO] alifacepay.check_donate (alifacepay.py:89) alifacepay.check_donate result:{'code': '40004', 'msg': 'Business Failed', 'sub_code': 'ACQ.TRADE_NOT_EXIST', 'sub_msg': '交易不存在', 'buyer_pay_amount': '0.00', 'invoice_amount': '0.00', 'out_trade_no': '2020081616304746', 'point_amount': '0.00', 'receipt_amount': '0.00'}
[2020-08-16 16:32:51,335] [26687] [INFO] alifacepay.check_donate (alifacepay.py:89) alifacepay.check_donate result:{'code': '40004', 'msg': 'Business Failed', 'sub_code': 'ACQ.TRADE_NOT_EXIST', 'sub_msg': '交易不存在', 'buyer_pay_amount': '0.00', 'invoice_amount': '0.00', 'out_trade_no': '2020081616304746', 'point_amount': '0.00', 'receipt_amount': '0.00'}
[2020-08-16 16:33:01,887] [26687] [INFO] alifacepay.check_donate (alifacepay.py:89) alifacepay.check_donate result:{'code': '40004', 'msg': 'Business Failed', 'sub_code': 'ACQ.TRADE_NOT_EXIST', 'sub_msg': '交易不存在', 'buyer_pay_amount': '0.00', 'invoice_amount': '0.00', 'out_trade_no': '2020081616304746', 'point_amount': '0.00', 'receipt_amount': '0.00'}
[2020-08-16 16:33:01,887] [26687] [INFO] alifacepay.check_donate (alifacepay.py:89) alifacepay.check_donate result:{'code': '40004', 'msg': 'Business Failed', 'sub_code': 'ACQ.TRADE_NOT_EXIST', 'sub_msg': '交易不存在', 'buyer_pay_amount': '0.00', 'invoice_amount': '0.00', 'out_trade_no': '2020081616304746', 'point_amount': '0.00', 'receipt_amount': '0.00'}
[2020-08-16 16:33:01,887] [26687] [INFO] alifacepay.check_donate (alifacepay.py:89) alifacepay.check_donate result:{'code': '40004', 'msg': 'Business Failed', 'sub_code': 'ACQ.TRADE_NOT_EXIST', 'sub_msg': '交易不存在', 'buyer_pay_amount': '0.00', 'invoice_amount': '0.00', 'out_trade_no': '2020081616304746', 'point_amount': '0.00', 'receipt_amount': '0.00'}
[2020-08-16 16:33:12,158] [26687] [INFO] alifacepay.check_donate (alifacepay.py:89) alifacepay.check_donate result:{'code': '40004', 'msg': 'Business Failed', 'sub_code': 'ACQ.TRADE_NOT_EXIST', 'sub_msg': '交易不存在', 'buyer_pay_amount': '0.00', 'invoice_amount': '0.00', 'out_trade_no': '2020081616304746', 'point_amount': '0.00', 'receipt_amount': '0.00'}
[2020-08-16 16:33:12,158] [26687] [INFO] alifacepay.check_donate (alifacepay.py:89) alifacepay.check_donate result:{'code': '40004', 'msg': 'Business Failed', 'sub_code': 'ACQ.TRADE_NOT_EXIST', 'sub_msg': '交易不存在', 'buyer_pay_amount': '0.00', 'invoice_amount': '0.00', 'out_trade_no': '2020081616304746', 'point_amount': '0.00', 'receipt_amount': '0.00'}
[2020-08-16 16:33:12,158] [26687] [INFO] alifacepay.check_donate (alifacepay.py:89) alifacepay.check_donate result:{'code': '40004', 'msg': 'Business Failed', 'sub_code': 'ACQ.TRADE_NOT_EXIST', 'sub_msg': '交易不存在', 'buyer_pay_amount': '0.00', 'invoice_amount': '0.00', 'out_trade_no': '2020081616304746', 'point_amount': '0.00', 'receipt_amount': '0.00'}
[2020-08-16 16:33:23,232] [26687] [INFO] alifacepay.check_donate (alifacepay.py:89) alifacepay.check_donate result:{'code': '40004', 'msg': 'Business Failed', 'sub_code': 'ACQ.TRADE_NOT_EXIST', 'sub_msg': '交易不存在', 'buyer_pay_amount': '0.00', 'invoice_amount': '0.00', 'out_trade_no': '2020081616304746', 'point_amount': '0.00', 'receipt_amount': '0.00'}
[2020-08-16 16:33:23,232] [26687] [INFO] alifacepay.check_donate (alifacepay.py:89) alifacepay.check_donate result:{'code': '40004', 'msg': 'Business Failed', 'sub_code': 'ACQ.TRADE_NOT_EXIST', 'sub_msg': '交易不存在', 'buyer_pay_amount': '0.00', 'invoice_amount': '0.00', 'out_trade_no': '2020081616304746', 'point_amount': '0.00', 'receipt_amount': '0.00'}
[2020-08-16 16:33:23,232] [26687] [INFO] alifacepay.check_donate (alifacepay.py:89) alifacepay.check_donate result:{'code': '40004', 'msg': 'Business Failed', 'sub_code': 'ACQ.TRADE_NOT_EXIST', 'sub_msg': '交易不存在', 'buyer_pay_amount': '0.00', 'invoice_amount': '0.00', 'out_trade_no': '2020081616304746', 'point_amount': '0.00', 'receipt_amount': '0.00'}
[2020-08-16 16:33:34,517] [26687] [INFO] alifacepay.check_donate (alifacepay.py:89) alifacepay.check_donate result:{'code': '40004', 'msg': 'Business Failed', 'sub_code': 'ACQ.TRADE_NOT_EXIST', 'sub_msg': '交易不存在', 'buyer_pay_amount': '0.00', 'invoice_amount': '0.00', 'out_trade_no': '2020081616304746', 'point_amount': '0.00', 'receipt_amount': '0.00'}
[2020-08-16 16:33:34,517] [26687] [INFO] alifacepay.check_donate (alifacepay.py:89) alifacepay.check_donate result:{'code': '40004', 'msg': 'Business Failed', 'sub_code': 'ACQ.TRADE_NOT_EXIST', 'sub_msg': '交易不存在', 'buyer_pay_amount': '0.00', 'invoice_amount': '0.00', 'out_trade_no': '2020081616304746', 'point_amount': '0.00', 'receipt_amount': '0.00'}
[2020-08-16 16:33:34,517] [26687] [INFO] alifacepay.check_donate (alifacepay.py:89) alifacepay.check_donate result:{'code': '40004', 'msg': 'Business Failed', 'sub_code': 'ACQ.TRADE_NOT_EXIST', 'sub_msg': '交易不存在', 'buyer_pay_amount': '0.00', 'invoice_amount': '0.00', 'out_trade_no': '2020081616304746', 'point_amount': '0.00', 'receipt_amount': '0.00'}
[2020-08-16 16:33:37,892] [26687] [ERROR] alifacepay.check_donate (alifacepay.py:98) alifacepay.check_donate 订单:2020081616304746，超时未支付，取消订单
[2020-08-16 16:33:37,892] [26687] [ERROR] alifacepay.check_donate (alifacepay.py:98) alifacepay.check_donate 订单:2020081616304746，超时未支付，取消订单
[2020-08-16 16:33:37,892] [26687] [ERROR] alifacepay.check_donate (alifacepay.py:98) alifacepay.check_donate 订单:2020081616304746，超时未支付，取消订单
[2020-08-16 16:35:06,550] [26687] [INFO] main.send_video_link (main.py:101) send_video_link 接收到用户选择查看下载链接信息:donate:0.11
[2020-08-16 16:35:06,550] [26687] [INFO] main.send_video_link (main.py:101) send_video_link 接收到用户选择查看下载链接信息:donate:0.11
[2020-08-16 16:35:06,550] [26687] [INFO] main.send_video_link (main.py:101) send_video_link 接收到用户选择查看下载链接信息:donate:0.11
[2020-08-16 16:35:12,799] [26687] [INFO] alifacepay.submit (alifacepay.py:45) alifacepay.submit 订单:2020081616350606，order_string:{'code': '10000', 'msg': 'Success', 'out_trade_no': '2020081616350606', 'qr_code': 'https://qr.alipay.com/bax03218rbmwaiyxlk4c00f5'}
[2020-08-16 16:35:12,799] [26687] [INFO] alifacepay.submit (alifacepay.py:45) alifacepay.submit 订单:2020081616350606，order_string:{'code': '10000', 'msg': 'Success', 'out_trade_no': '2020081616350606', 'qr_code': 'https://qr.alipay.com/bax03218rbmwaiyxlk4c00f5'}
[2020-08-16 16:35:12,799] [26687] [INFO] alifacepay.submit (alifacepay.py:45) alifacepay.submit 订单:2020081616350606，order_string:{'code': '10000', 'msg': 'Success', 'out_trade_no': '2020081616350606', 'qr_code': 'https://qr.alipay.com/bax03218rbmwaiyxlk4c00f5'}
[2020-08-16 16:35:33,735] [26687] [INFO] alifacepay.check_donate (alifacepay.py:89) alifacepay.check_donate result:{'code': '40004', 'msg': 'Business Failed', 'sub_code': 'ACQ.TRADE_NOT_EXIST', 'sub_msg': '交易不存在', 'buyer_pay_amount': '0.00', 'invoice_amount': '0.00', 'out_trade_no': '2020081616350606', 'point_amount': '0.00', 'receipt_amount': '0.00'}
[2020-08-16 16:35:33,735] [26687] [INFO] alifacepay.check_donate (alifacepay.py:89) alifacepay.check_donate result:{'code': '40004', 'msg': 'Business Failed', 'sub_code': 'ACQ.TRADE_NOT_EXIST', 'sub_msg': '交易不存在', 'buyer_pay_amount': '0.00', 'invoice_amount': '0.00', 'out_trade_no': '2020081616350606', 'point_amount': '0.00', 'receipt_amount': '0.00'}
[2020-08-16 16:35:33,735] [26687] [INFO] alifacepay.check_donate (alifacepay.py:89) alifacepay.check_donate result:{'code': '40004', 'msg': 'Business Failed', 'sub_code': 'ACQ.TRADE_NOT_EXIST', 'sub_msg': '交易不存在', 'buyer_pay_amount': '0.00', 'invoice_amount': '0.00', 'out_trade_no': '2020081616350606', 'point_amount': '0.00', 'receipt_amount': '0.00'}
[2020-08-16 16:35:44,562] [26687] [INFO] alifacepay.check_donate (alifacepay.py:89) alifacepay.check_donate result:{'code': '40004', 'msg': 'Business Failed', 'sub_code': 'ACQ.TRADE_NOT_EXIST', 'sub_msg': '交易不存在', 'buyer_pay_amount': '0.00', 'invoice_amount': '0.00', 'out_trade_no': '2020081616350606', 'point_amount': '0.00', 'receipt_amount': '0.00'}
[2020-08-16 16:35:44,562] [26687] [INFO] alifacepay.check_donate (alifacepay.py:89) alifacepay.check_donate result:{'code': '40004', 'msg': 'Business Failed', 'sub_code': 'ACQ.TRADE_NOT_EXIST', 'sub_msg': '交易不存在', 'buyer_pay_amount': '0.00', 'invoice_amount': '0.00', 'out_trade_no': '2020081616350606', 'point_amount': '0.00', 'receipt_amount': '0.00'}
[2020-08-16 16:35:44,562] [26687] [INFO] alifacepay.check_donate (alifacepay.py:89) alifacepay.check_donate result:{'code': '40004', 'msg': 'Business Failed', 'sub_code': 'ACQ.TRADE_NOT_EXIST', 'sub_msg': '交易不存在', 'buyer_pay_amount': '0.00', 'invoice_amount': '0.00', 'out_trade_no': '2020081616350606', 'point_amount': '0.00', 'receipt_amount': '0.00'}
[2020-08-16 16:35:55,122] [26687] [INFO] alifacepay.check_donate (alifacepay.py:89) alifacepay.check_donate result:{'code': '40004', 'msg': 'Business Failed', 'sub_code': 'ACQ.TRADE_NOT_EXIST', 'sub_msg': '交易不存在', 'buyer_pay_amount': '0.00', 'invoice_amount': '0.00', 'out_trade_no': '2020081616350606', 'point_amount': '0.00', 'receipt_amount': '0.00'}
[2020-08-16 16:35:55,122] [26687] [INFO] alifacepay.check_donate (alifacepay.py:89) alifacepay.check_donate result:{'code': '40004', 'msg': 'Business Failed', 'sub_code': 'ACQ.TRADE_NOT_EXIST', 'sub_msg': '交易不存在', 'buyer_pay_amount': '0.00', 'invoice_amount': '0.00', 'out_trade_no': '2020081616350606', 'point_amount': '0.00', 'receipt_amount': '0.00'}
[2020-08-16 16:35:55,122] [26687] [INFO] alifacepay.check_donate (alifacepay.py:89) alifacepay.check_donate result:{'code': '40004', 'msg': 'Business Failed', 'sub_code': 'ACQ.TRADE_NOT_EXIST', 'sub_msg': '交易不存在', 'buyer_pay_amount': '0.00', 'invoice_amount': '0.00', 'out_trade_no': '2020081616350606', 'point_amount': '0.00', 'receipt_amount': '0.00'}
[2020-08-16 16:36:06,876] [26687] [INFO] alifacepay.check_donate (alifacepay.py:89) alifacepay.check_donate result:{'code': '40004', 'msg': 'Business Failed', 'sub_code': 'ACQ.TRADE_NOT_EXIST', 'sub_msg': '交易不存在', 'buyer_pay_amount': '0.00', 'invoice_amount': '0.00', 'out_trade_no': '2020081616350606', 'point_amount': '0.00', 'receipt_amount': '0.00'}
[2020-08-16 16:36:06,876] [26687] [INFO] alifacepay.check_donate (alifacepay.py:89) alifacepay.check_donate result:{'code': '40004', 'msg': 'Business Failed', 'sub_code': 'ACQ.TRADE_NOT_EXIST', 'sub_msg': '交易不存在', 'buyer_pay_amount': '0.00', 'invoice_amount': '0.00', 'out_trade_no': '2020081616350606', 'point_amount': '0.00', 'receipt_amount': '0.00'}
[2020-08-16 16:36:06,876] [26687] [INFO] alifacepay.check_donate (alifacepay.py:89) alifacepay.check_donate result:{'code': '40004', 'msg': 'Business Failed', 'sub_code': 'ACQ.TRADE_NOT_EXIST', 'sub_msg': '交易不存在', 'buyer_pay_amount': '0.00', 'invoice_amount': '0.00', 'out_trade_no': '2020081616350606', 'point_amount': '0.00', 'receipt_amount': '0.00'}
[2020-08-16 16:36:17,443] [26687] [INFO] alifacepay.check_donate (alifacepay.py:89) alifacepay.check_donate result:{'code': '40004', 'msg': 'Business Failed', 'sub_code': 'ACQ.TRADE_NOT_EXIST', 'sub_msg': '交易不存在', 'buyer_pay_amount': '0.00', 'invoice_amount': '0.00', 'out_trade_no': '2020081616350606', 'point_amount': '0.00', 'receipt_amount': '0.00'}
[2020-08-16 16:36:17,443] [26687] [INFO] alifacepay.check_donate (alifacepay.py:89) alifacepay.check_donate result:{'code': '40004', 'msg': 'Business Failed', 'sub_code': 'ACQ.TRADE_NOT_EXIST', 'sub_msg': '交易不存在', 'buyer_pay_amount': '0.00', 'invoice_amount': '0.00', 'out_trade_no': '2020081616350606', 'point_amount': '0.00', 'receipt_amount': '0.00'}
[2020-08-16 16:36:17,443] [26687] [INFO] alifacepay.check_donate (alifacepay.py:89) alifacepay.check_donate result:{'code': '40004', 'msg': 'Business Failed', 'sub_code': 'ACQ.TRADE_NOT_EXIST', 'sub_msg': '交易不存在', 'buyer_pay_amount': '0.00', 'invoice_amount': '0.00', 'out_trade_no': '2020081616350606', 'point_amount': '0.00', 'receipt_amount': '0.00'}
[2020-08-16 16:36:58,549] [26687] [ERROR] alifacepay.check_donate (alifacepay.py:103) alifacepay.check_donate 订单:2020081616350606查询出错，抛出异常:<urlopen error _ssl.c:835: The handshake operation timed out>
Traceback (most recent call last):
  File "/usr/lib/python3.6/urllib/request.py", line 1325, in do_open
    encode_chunked=req.has_header('Transfer-encoding'))
  File "/usr/lib/python3.6/http/client.py", line 1264, in request
    self._send_request(method, url, body, headers, encode_chunked)
  File "/usr/lib/python3.6/http/client.py", line 1310, in _send_request
    self.endheaders(body, encode_chunked=encode_chunked)
  File "/usr/lib/python3.6/http/client.py", line 1259, in endheaders
    self._send_output(message_body, encode_chunked=encode_chunked)
  File "/usr/lib/python3.6/http/client.py", line 1038, in _send_output
    self.send(msg)
  File "/usr/lib/python3.6/http/client.py", line 976, in send
    self.connect()
  File "/usr/lib/python3.6/http/client.py", line 1425, in connect
    server_hostname=server_hostname)
  File "/usr/lib/python3.6/ssl.py", line 407, in wrap_socket
    _context=self, _session=session)
  File "/usr/lib/python3.6/ssl.py", line 817, in __init__
    self.do_handshake()
  File "/usr/lib/python3.6/ssl.py", line 1077, in do_handshake
    self._sslobj.do_handshake()
  File "/usr/lib/python3.6/ssl.py", line 689, in do_handshake
    self._sslobj.do_handshake()
socket.timeout: _ssl.c:835: The handshake operation timed out

During handling of the above exception, another exception occurred:

Traceback (most recent call last):
  File "/root/yyets/src/alifacepay.py", line 88, in check_donate
    result = alipay.api_alipay_trade_query(out_trade_no=out_trade_no)
  File "/usr/local/lib/python3.6/dist-packages/alipay/__init__.py", line 292, in api_alipay_trade_query
    return self.verified_sync_response(data, response_type)
  File "/usr/local/lib/python3.6/dist-packages/alipay/__init__.py", line 573, in verified_sync_response
    raw_string = urlopen(url, timeout=30).read().decode()
  File "/usr/lib/python3.6/urllib/request.py", line 223, in urlopen
    return opener.open(url, data, timeout)
  File "/usr/lib/python3.6/urllib/request.py", line 526, in open
    response = self._open(req, data)
  File "/usr/lib/python3.6/urllib/request.py", line 544, in _open
    '_open', req)
  File "/usr/lib/python3.6/urllib/request.py", line 504, in _call_chain
    result = func(*args)
  File "/usr/lib/python3.6/urllib/request.py", line 1368, in https_open
    context=self._context, check_hostname=self._check_hostname)
  File "/usr/lib/python3.6/urllib/request.py", line 1327, in do_open
    raise URLError(err)
urllib.error.URLError: <urlopen error _ssl.c:835: The handshake operation timed out>
[2020-08-16 16:36:58,549] [26687] [ERROR] alifacepay.check_donate (alifacepay.py:103) alifacepay.check_donate 订单:2020081616350606查询出错，抛出异常:<urlopen error _ssl.c:835: The handshake operation timed out>
Traceback (most recent call last):
  File "/usr/lib/python3.6/urllib/request.py", line 1325, in do_open
    encode_chunked=req.has_header('Transfer-encoding'))
  File "/usr/lib/python3.6/http/client.py", line 1264, in request
    self._send_request(method, url, body, headers, encode_chunked)
  File "/usr/lib/python3.6/http/client.py", line 1310, in _send_request
    self.endheaders(body, encode_chunked=encode_chunked)
  File "/usr/lib/python3.6/http/client.py", line 1259, in endheaders
    self._send_output(message_body, encode_chunked=encode_chunked)
  File "/usr/lib/python3.6/http/client.py", line 1038, in _send_output
    self.send(msg)
  File "/usr/lib/python3.6/http/client.py", line 976, in send
    self.connect()
  File "/usr/lib/python3.6/http/client.py", line 1425, in connect
    server_hostname=server_hostname)
  File "/usr/lib/python3.6/ssl.py", line 407, in wrap_socket
    _context=self, _session=session)
  File "/usr/lib/python3.6/ssl.py", line 817, in __init__
    self.do_handshake()
  File "/usr/lib/python3.6/ssl.py", line 1077, in do_handshake
    self._sslobj.do_handshake()
  File "/usr/lib/python3.6/ssl.py", line 689, in do_handshake
    self._sslobj.do_handshake()
socket.timeout: _ssl.c:835: The handshake operation timed out

During handling of the above exception, another exception occurred:

Traceback (most recent call last):
  File "/root/yyets/src/alifacepay.py", line 88, in check_donate
    result = alipay.api_alipay_trade_query(out_trade_no=out_trade_no)
  File "/usr/local/lib/python3.6/dist-packages/alipay/__init__.py", line 292, in api_alipay_trade_query
    return self.verified_sync_response(data, response_type)
  File "/usr/local/lib/python3.6/dist-packages/alipay/__init__.py", line 573, in verified_sync_response
    raw_string = urlopen(url, timeout=30).read().decode()
  File "/usr/lib/python3.6/urllib/request.py", line 223, in urlopen
    return opener.open(url, data, timeout)
  File "/usr/lib/python3.6/urllib/request.py", line 526, in open
    response = self._open(req, data)
  File "/usr/lib/python3.6/urllib/request.py", line 544, in _open
    '_open', req)
  File "/usr/lib/python3.6/urllib/request.py", line 504, in _call_chain
    result = func(*args)
  File "/usr/lib/python3.6/urllib/request.py", line 1368, in https_open
    context=self._context, check_hostname=self._check_hostname)
  File "/usr/lib/python3.6/urllib/request.py", line 1327, in do_open
    raise URLError(err)
urllib.error.URLError: <urlopen error _ssl.c:835: The handshake operation timed out>
[2020-08-16 16:36:58,549] [26687] [ERROR] alifacepay.check_donate (alifacepay.py:103) alifacepay.check_donate 订单:2020081616350606查询出错，抛出异常:<urlopen error _ssl.c:835: The handshake operation timed out>
Traceback (most recent call last):
  File "/usr/lib/python3.6/urllib/request.py", line 1325, in do_open
    encode_chunked=req.has_header('Transfer-encoding'))
  File "/usr/lib/python3.6/http/client.py", line 1264, in request
    self._send_request(method, url, body, headers, encode_chunked)
  File "/usr/lib/python3.6/http/client.py", line 1310, in _send_request
    self.endheaders(body, encode_chunked=encode_chunked)
  File "/usr/lib/python3.6/http/client.py", line 1259, in endheaders
    self._send_output(message_body, encode_chunked=encode_chunked)
  File "/usr/lib/python3.6/http/client.py", line 1038, in _send_output
    self.send(msg)
  File "/usr/lib/python3.6/http/client.py", line 976, in send
    self.connect()
  File "/usr/lib/python3.6/http/client.py", line 1425, in connect
    server_hostname=server_hostname)
  File "/usr/lib/python3.6/ssl.py", line 407, in wrap_socket
    _context=self, _session=session)
  File "/usr/lib/python3.6/ssl.py", line 817, in __init__
    self.do_handshake()
  File "/usr/lib/python3.6/ssl.py", line 1077, in do_handshake
    self._sslobj.do_handshake()
  File "/usr/lib/python3.6/ssl.py", line 689, in do_handshake
    self._sslobj.do_handshake()
socket.timeout: _ssl.c:835: The handshake operation timed out

During handling of the above exception, another exception occurred:

Traceback (most recent call last):
  File "/root/yyets/src/alifacepay.py", line 88, in check_donate
    result = alipay.api_alipay_trade_query(out_trade_no=out_trade_no)
  File "/usr/local/lib/python3.6/dist-packages/alipay/__init__.py", line 292, in api_alipay_trade_query
    return self.verified_sync_response(data, response_type)
  File "/usr/local/lib/python3.6/dist-packages/alipay/__init__.py", line 573, in verified_sync_response
    raw_string = urlopen(url, timeout=30).read().decode()
  File "/usr/lib/python3.6/urllib/request.py", line 223, in urlopen
    return opener.open(url, data, timeout)
  File "/usr/lib/python3.6/urllib/request.py", line 526, in open
    response = self._open(req, data)
  File "/usr/lib/python3.6/urllib/request.py", line 544, in _open
    '_open', req)
  File "/usr/lib/python3.6/urllib/request.py", line 504, in _call_chain
    result = func(*args)
  File "/usr/lib/python3.6/urllib/request.py", line 1368, in https_open
    context=self._context, check_hostname=self._check_hostname)
  File "/usr/lib/python3.6/urllib/request.py", line 1327, in do_open
    raise URLError(err)
urllib.error.URLError: <urlopen error _ssl.c:835: The handshake operation timed out>
